Build started 8/25/2014 8:13:42 AM.
     1>Project "C:\Users\Ody\Documents\Visual Studio 2013\Projects\GameEngine\GameEngine\GameEngine.vcxproj" on node 2 (Build target(s)).
     1>ClCompile:
         C:\Program Files (x86)\Microsoft Visual Studio 12.0\VC\bin\CL.exe /c /I.\include /ZI /nologo /W3 /WX- /Od /Oy- /D WIN32 /D _DEBUG /D _CONSOLE /D _LIB /D _UNICODE /D UNICODE /Gm /EHsc /RTC1 /MDd /GS /fp:precise /Zc:wchar_t /Zc:forScope /Fo"Debug\\" /Fd"Debug\vc120.pdb" /Gd /TP /analyze- /errorReport:prompt game.cpp
         game.cpp
         GLM: rotate function taking degrees as a parameter is deprecated. #define GLM_FORCE_RADIANS before including GLM headers to remove this message.
         GLM: perspective function taking degrees as a parameter is deprecated. #define GLM_FORCE_RADIANS before including GLM headers to remove this message.
       Link:
         C:\Program Files (x86)\Microsoft Visual Studio 12.0\VC\bin\link.exe /ERRORREPORT:PROMPT /OUT:"C:\Users\Ody\Documents\Visual Studio 2013\Projects\GameEngine\Debug\GameEngine.exe" /INCREMENTAL /NOLOGO /LIBPATH:.\lib opengl32.lib glu32.lib glew32.lib glfw3dll.lib Freeimage.lib kernel32.lib user32.lib gdi32.lib winspool.lib comdlg32.lib advapi32.lib shell32.lib ole32.lib oleaut32.lib uuid.lib odbc32.lib odbccp32.lib /MANIFEST /MANIFESTUAC:"level='asInvoker' uiAccess='false'" /manifest:embed /DEBUG /PDB:"C:\Users\Ody\Documents\Visual Studio 2013\Projects\GameEngine\Debug\GameEngine.pdb" /SUBSYSTEM:CONSOLE /TLBID:1 /DYNAMICBASE /NXCOMPAT /IMPLIB:"C:\Users\Ody\Documents\Visual Studio 2013\Projects\GameEngine\Debug\GameEngine.lib" /MACHINE:X86 Debug\basicshader.obj
         Debug\camera.obj
         Debug\cube.obj
         Debug\game.obj
         Debug\input.obj
         Debug\main.obj
         Debug\material.obj
         Debug\mesh.obj
         Debug\phongshader.obj
         Debug\renderEngine.obj
         Debug\shader.obj
         Debug\texture.obj
         Debug\window.obj
         GameEngine.vcxproj -> C:\Users\Ody\Documents\Visual Studio 2013\Projects\GameEngine\Debug\GameEngine.exe
     1>Done Building Project "C:\Users\Ody\Documents\Visual Studio 2013\Projects\GameEngine\GameEngine\GameEngine.vcxproj" (Build target(s)).

Build succeeded.

Time Elapsed 00:00:00.72
